[01m[K/home/ducanh/ducanh_ws/landing_uav/landing_ros/src/apriltag_ros/apriltag_ros/src/continuous_detector.cpp:[m[K In member function â€˜[01m[Kvirtual void apriltag_ros::ContinuousDetector::onInit()[m[Kâ€™:
[01m[K/home/ducanh/ducanh_ws/landing_uav/landing_ros/src/apriltag_ros/apriltag_ros/src/continuous_detector.cpp:59:5:[m[K [01;31m[Kerror: [m[Kâ€˜[01m[Kit[m[Kâ€™ was not declared in this scope; did you mean â€˜[01m[Kit_[m[Kâ€™?
   59 |     [01;31m[Kit[m[K.subscribe("/rgb", 1,
      |     [01;31m[K^~[m[K
      |     [32m[Kit_[m[K
make[2]: *** [CMakeFiles/apriltag_ros_continuous_detector.dir/build.make:63: CMakeFiles/apriltag_ros_continuous_detector.dir/src/continuous_detector.cpp.o] Error 1
make[1]: *** [CMakeFiles/Makefile2:243: CMakeFiles/apriltag_ros_continuous_detector.dir/all] Error 2
make: *** [Makefile:141: all] Error 2
