[01m[K/home/ducanh/ducanh_ws/landing_uav/landing_ros/src/apriltag_ros/apriltag_ros/src/continuous_detector.cpp:66:6:[m[K [01;31m[Kerror: [m[Kno declaration matches â€˜[01m[Kvoid apriltag_ros::ContinuousDetector::imageCallback(const ImageConstPtr&)[m[Kâ€™
   66 | void [01;31m[KContinuousDetector[m[K::imageCallback (
      |      [01;31m[K^~~~~~~~~~~~~~~~~~[m[K
In file included from [01m[K/home/ducanh/ducanh_ws/landing_uav/landing_ros/src/apriltag_ros/apriltag_ros/src/continuous_detector.cpp:32[m[K:
[01m[K/home/ducanh/ducanh_ws/landing_uav/landing_ros/src/apriltag_ros/apriltag_ros/include/apriltag_ros/continuous_detector.h:63:8:[m[K [01;36m[Knote: [m[Kcandidate is: â€˜[01m[Kvoid apriltag_ros::ContinuousDetector::imageCallback(const ImageConstPtr&, const CameraInfoConstPtr&)[m[Kâ€™
   63 |   void [01;36m[KimageCallback[m[K(const sensor_msgs::ImageConstPtr& image_rect,
      |        [01;36m[K^~~~~~~~~~~~~[m[K
[01m[K/home/ducanh/ducanh_ws/landing_uav/landing_ros/src/apriltag_ros/apriltag_ros/include/apriltag_ros/continuous_detector.h:55:7:[m[K [01;36m[Knote: [m[Kâ€˜[01m[Kclass apriltag_ros::ContinuousDetector[m[Kâ€™ defined here
   55 | class [01;36m[KContinuousDetector[m[K: public nodelet::Nodelet
      |       [01;36m[K^~~~~~~~~~~~~~~~~~[m[K
make[2]: *** [CMakeFiles/apriltag_ros_continuous_detector.dir/build.make:63: CMakeFiles/apriltag_ros_continuous_detector.dir/src/continuous_detector.cpp.o] Error 1
make[1]: *** [CMakeFiles/Makefile2:243: CMakeFiles/apriltag_ros_continuous_detector.dir/all] Error 2
make: *** [Makefile:141: all] Error 2
